android/app/build/intermediates/manifest_merge_blame_file/debug/manifest-merger-blame-debug-report.txt
1<?xml version="1.0" encoding="utf-8"?>
2<manifest xmlns:android="http://schemas.android.com/apk/res/android"
3    package="com.newproject"
4    android:versionCode="1"
5    android:versionName="1.0" >
6
7    <uses-sdk
8        android:minSdkVersion="19"
8-->src/main/AndroidManifest.xml
9        android:targetSdkVersion="27" />
9-->src/main/AndroidManifest.xml
10
11    <uses-permission android:name="android.permission.INTERNET" />
11-->src/main/AndroidManifest.xml:4:5-67
11-->src/main/AndroidManifest.xml:4:22-64
12    <uses-permission android:name="android.permission.SYSTEM_ALERT_WINDOW" />
12-->src/main/AndroidManifest.xml:5:5-77
12-->src/main/AndroidManifest.xml:5:22-75
13    <uses-permission android:name="android.permission.WRITE_EXTERNAL_STORAGE" />
14    <uses-permission android:name="android.permission.READ_PHONE_STATE" />
15    <uses-permission android:name="android.permission.READ_EXTERNAL_STORAGE" />
16
17    <application
17-->src/main/AndroidManifest.xml:7:5-24:19
18        android:name="com.newproject.MainApplication"
18-->src/main/AndroidManifest.xml:8:7-38
19        android:allowBackup="false"
19-->src/main/AndroidManifest.xml:11:7-34
20        android:debuggable="true"
21        android:icon="@mipmap/ic_launcher"
21-->src/main/AndroidManifest.xml:10:7-41
22        android:label="@string/app_name"
22-->src/main/AndroidManifest.xml:9:7-39
23        android:testOnly="true"
24        android:theme="@style/AppTheme" >
24-->src/main/AndroidManifest.xml:12:7-38
25        <activity
25-->src/main/AndroidManifest.xml:13:7-22:18
26            android:name="com.newproject.MainActivity"
26-->src/main/AndroidManifest.xml:14:9-37
27            android:configChanges="keyboard|keyboardHidden|orientation|screenSize"
27-->src/main/AndroidManifest.xml:16:9-79
28            android:label="@string/app_name"
28-->src/main/AndroidManifest.xml:15:9-41
29            android:windowSoftInputMode="adjustResize" >
29-->src/main/AndroidManifest.xml:17:9-51
30            <intent-filter>
30-->src/main/AndroidManifest.xml:18:9-21:25
31                <action android:name="android.intent.action.MAIN" />
31-->src/main/AndroidManifest.xml:19:13-65
31-->src/main/AndroidManifest.xml:19:21-62
32
33                <category android:name="android.intent.category.LAUNCHER" />
33-->src/main/AndroidManifest.xml:20:13-73
33-->src/main/AndroidManifest.xml:20:23-70
34            </intent-filter>
35        </activity>
36        <activity android:name="com.facebook.react.devsupport.DevSettingsActivity" />
36-->src/main/AndroidManifest.xml:23:7-84
36-->src/main/AndroidManifest.xml:23:17-81
37
38        <meta-data
38-->[android.arch.lifecycle:runtime:1.0.0] AndroidManifest.xml:25:9-27:47
39            android:name="android.arch.lifecycle.VERSION"
39-->[android.arch.lifecycle:runtime:1.0.0] AndroidManifest.xml:26:13-58
40            android:value="27.0.0-SNAPSHOT" />
40-->[android.arch.lifecycle:runtime:1.0.0] AndroidManifest.xml:27:13-44
41    </application>
42
43</manifest>